Arguments: 
  /Users/matthunterking/.nvm/versions/node/v9.8.0/bin/node /usr/local/Cellar/yarn/1.12.1/libexec/bin/yarn.js start

PATH: 
  /Users/matthunterking/.nvm/versions/node/v9.8.0/bin:/Users/matthunterking/bin:/usr/local/bin:/usr/local/bin:/usr/bin:/bin:/usr/sbin:/sbin

Yarn version: 
  1.12.1

Node version: 
  9.8.0

Platform: 
  darwin x64

Trace: 
  SyntaxError: /Users/matthunterking/development/flagQuiz/package.json: Unexpected token } in JSON at position 258
      at JSON.parse (<anonymous>)
      at /usr/local/Cellar/yarn/1.12.1/libexec/lib/cli.js:1166:59
      at Generator.next (<anonymous>)
      at step (/usr/local/Cellar/yarn/1.12.1/libexec/lib/cli.js:92:30)
      at /usr/local/Cellar/yarn/1.12.1/libexec/lib/cli.js:103:13
      at <anonymous>

npm manifest: 
  {
    "name": "flagQuiz",
    "version": "1.0.0",
    "main": "app.js",
    "repository": "git@github.com:matthunterking/flagQuiz.git",
    "author": "matthunterking <matthew85king@gmail.com>",
    "license": "MIT",
    "scripts": {
      "start": "webpack-dev-server"
    },
  }

yarn manifest: 
  No manifest

Lockfile: 
  # THIS IS AN AUTOGENERATED FILE. DO NOT EDIT THIS FILE DIRECTLY.
  # yarn lockfile v1
